<?xml version="1.0" encoding="UTF-8"?>
<!-- Generated by org.testng.reporters.JUnitReportReporter -->
<testsuite hostname="LapWinX-DAC94" failures="0" tests="1" name="Test_Package.TC_01_Login" time="10.778" errors="0" timestamp="2023-06-14T10:35:12 IST" skipped="0">
  <testcase classname="Test_Package.TC_01_Login" name="abcd" time="10.778"/>
  <system-out/>
</testsuite> <!-- Test_Package.TC_01_Login -->
