<?xml version="1.0" encoding="UTF-8"?>
<!-- Generated by org.testng.reporters.JUnitReportReporter -->
<testsuite hostname="LapWinX-DAC94" failures="0" tests="1" name="Test_Package.TC_19_Sort_the_products_in_price_low_to_high_order_perfromance" time="8.506" errors="0" timestamp="2023-06-15T01:12:58 IST" skipped="0">
  <testcase classname="Test_Package.TC_19_Sort_the_products_in_price_low_to_high_order_perfromance" name="Sort_the_products_in_price_low_to_high_order_perfromance" time="8.506"/>
  <system-out/>
</testsuite> <!-- Test_Package.TC_19_Sort_the_products_in_price_low_to_high_order_perfromance -->
