<?xml version="1.0" encoding="UTF-8"?>
<!-- Generated by org.testng.reporters.JUnitReportReporter -->
<testsuite hostname="LapWinX-DAC94" failures="0" tests="1" name="Test_Package.TC_12_Information_Page_Enter_Details" time="0.495" errors="0" timestamp="2023-06-15T01:12:58 IST" skipped="0">
  <testcase classname="Test_Package.TC_12_Information_Page_Enter_Details" name="Information_Page_Enter_Details" time="0.495"/>
  <system-out/>
</testsuite> <!-- Test_Package.TC_12_Information_Page_Enter_Details -->
