<?xml version="1.0" encoding="UTF-8"?>
<!-- Generated by org.testng.reporters.JUnitReportReporter -->
<testsuite hostname="LapWinX-DAC94" failures="0" tests="1" name="Test_Package.TC_16_remove_items_that_have_a_price_less" time="0.345" errors="0" timestamp="2023-06-15T01:12:58 IST" skipped="0">
  <testcase classname="Test_Package.TC_16_remove_items_that_have_a_price_less" name="remove_items_that_have_a_price_less" time="0.345"/>
  <system-out/>
</testsuite> <!-- Test_Package.TC_16_remove_items_that_have_a_price_less -->
