<?xml version="1.0" encoding="UTF-8"?>
<!-- Generated by org.testng.reporters.JUnitReportReporter -->
<testsuite hostname="LapWinX-DAC94" failures="0" tests="1" name="Test_Package.TC_06_1_Login_with_Locked_UserName" time="0.582" errors="0" timestamp="2023-06-15T01:12:58 IST" skipped="0">
  <testcase classname="Test_Package.TC_06_1_Login_with_Locked_UserName" name="Login_with_Locked_UserName" time="0.582"/>
  <system-out/>
</testsuite> <!-- Test_Package.TC_06_1_Login_with_Locked_UserName -->
