<?xml version="1.0" encoding="UTF-8"?>
<!-- Generated by org.testng.reporters.JUnitReportReporter -->
<testsuite hostname="LapWinX-DAC94" failures="0" tests="1" name="Test_Package.TC_02_Login_with_Blank_UserName_and_Password" time="0.616" errors="0" timestamp="2023-06-15T01:12:58 IST" skipped="0">
  <testcase classname="Test_Package.TC_02_Login_with_Blank_UserName_and_Password" name="Login_with_Blank_UserName_and_Blank_Password" time="0.616"/>
  <system-out/>
</testsuite> <!-- Test_Package.TC_02_Login_with_Blank_UserName_and_Password -->
